{
  "RSpec": {
    "coverage": {
      "/Users/gianlucaansaldi/Makers/Course/projects/bookmark_manager/original/bookmark-manager/app.rb": {
        "lines": [
          1,
          1,
          1,
          null,
          1,
          null,
          1,
          null,
          1,
          0,
          null,
          null,
          1,
          4,
          4,
          null,
          null,
          1,
          1,
          1,
          null,
          null,
          1,
          1,
          null,
          null,
          1,
          1,
          1,
          null,
          null,
          1,
          null
        ]
      },
      "/Users/gianlucaansaldi/Makers/Course/projects/bookmark_manager/original/bookmark-manager/lib/bookmark.rb": {
        "lines": [
          1,
          null,
          1,
          null,
          1,
          null,
          1,
          18,
          18,
          18,
          null,
          null,
          1,
          6,
          6,
          null,
          0,
          null,
          null,
          6,
          6,
          8,
          null,
          null,
          null,
          1,
          10,
          10,
          null,
          0,
          null,
          null,
          10,
          null,
          null,
          10,
          null,
          null,
          1,
          2,
          2,
          null,
          0,
          null,
          null,
          2,
          null,
          null
        ]
      },
      "/Users/gianlucaansaldi/Makers/Course/projects/bookmark_manager/original/bookmark-manager/spec/setup_test_database.rb": {
        "lines": [
          1,
          null,
          1,
          6,
          6,
          null
        ]
      },
      "/Users/gianlucaansaldi/Makers/Course/projects/bookmark_manager/original/bookmark-manager/spec/bookmark_spec.rb": {
        "lines": [
          1,
          1,
          1,
          null,
          1,
          null,
          1,
          1,
          null,
          1,
          1,
          1,
          null,
          1,
          null,
          1,
          1,
          1,
          1,
          1,
          null,
          null,
          null,
          1,
          1,
          1,
          1,
          null,
          1,
          1,
          1,
          1,
          null,
          null,
          null,
          1,
          1,
          1,
          null,
          1,
          1,
          null,
          null,
          null
        ]
      },
      "/Users/gianlucaansaldi/Makers/Course/projects/bookmark_manager/original/bookmark-manager/spec/database_helpers.rb": {
        "lines": [
          1,
          null,
          1,
          1,
          1,
          null
        ]
      },
      "/Users/gianlucaansaldi/Makers/Course/projects/bookmark_manager/original/bookmark-manager/spec/features/creating_bookmarks_spec.rb": {
        "lines": [
          1,
          1,
          1,
          1,
          1,
          1,
          1,
          null,
          null
        ]
      },
      "/Users/gianlucaansaldi/Makers/Course/projects/bookmark_manager/original/bookmark-manager/spec/features/deleting_bookmark_spec.rb": {
        "lines": [
          1,
          1,
          1,
          1,
          1,
          null,
          1,
          1,
          1,
          null,
          null
        ]
      },
      "/Users/gianlucaansaldi/Makers/Course/projects/bookmark_manager/original/bookmark-manager/spec/features/viewing_bookmarks_spec.rb": {
        "lines": [
          1,
          1,
          null,
          1,
          1,
          1,
          null,
          1,
          null,
          1,
          1,
          1,
          null,
          null
        ]
      }
    },
    "timestamp": 1631828955
  }
}
