{
  "RSpec": {
    "coverage": {
      "/Users/gianlucaansaldi/Makers/Course/projects/bookmark_manager/original/bookmark-manager/app.rb": {
        "lines": [
          1,
          1,
          1,
          null,
          1,
          1,
          0,
          null,
          null,
          1,
          2,
          null,
          null,
          1,
          1,
          1,
          null,
          null,
          1,
          null
        ]
      },
      "/Users/gianlucaansaldi/Makers/Course/projects/bookmark_manager/original/bookmark-manager/lib/bookmark.rb": {
        "lines": [
          1,
          null,
          1,
          null,
          1,
          2,
          2,
          null,
          0,
          null,
          null,
          2,
          8,
          null,
          null
        ]
      },
      "/Users/gianlucaansaldi/Makers/Course/projects/bookmark_manager/original/bookmark-manager/spec/setup_test_database.rb": {
        "lines": [
          1,
          null,
          1,
          3,
          3,
          null
        ]
      },
      "/Users/gianlucaansaldi/Makers/Course/projects/bookmark_manager/original/bookmark-manager/spec/bookmark_spec.rb": {
        "lines": [
          1,
          null,
          1,
          null,
          1,
          null,
          1,
          1,
          null,
          1,
          1,
          1,
          null,
          1,
          null,
          1,
          1,
          1,
          null,
          null,
          null
        ]
      },
      "/Users/gianlucaansaldi/Makers/Course/projects/bookmark_manager/original/bookmark-manager/spec/features/homepage_structure_spec.rb": {
        "lines": [
          1,
          1,
          1,
          1,
          null,
          null
        ]
      },
      "/Users/gianlucaansaldi/Makers/Course/projects/bookmark_manager/original/bookmark-manager/spec/features/viewing_bookmarks_spec.rb": {
        "lines": [
          1,
          1,
          1,
          null,
          1,
          1,
          1,
          null,
          1,
          1,
          null,
          1,
          1,
          1,
          null,
          null
        ]
      }
    },
    "timestamp": 1631633972
  }
}
